<?xml version="1.0" encoding="UTF-8"?>
<testsuite name="com.sprint.mission.discodeit.service.basic.BasicChannelServiceTest" tests="11" skipped="0" failures="0" errors="0" timestamp="2026-05-22T07:33:51.851Z" hostname="SER" time="2.545">
  <properties/>
  <testcase name="사용자가 있을 때 PRIVATE 채널은 정상적으로 생성되어야 합니다." classname="com.sprint.mission.discodeit.service.basic.BasicChannelServiceTest" time="2.37"/>
  <testcase name="사용자 ID로 참여 중인 채널 목록을 정상적으로 조회해야 합니다." classname="com.sprint.mission.discodeit.service.basic.BasicChannelServiceTest" time="0.068"/>
  <testcase name="채널은 정상적으로 삭제되어야 합니다." classname="com.sprint.mission.discodeit.service.basic.BasicChannelServiceTest" time="0.006"/>
  <testcase name="PRIVATE 채널은 수정할 수 없습니다." classname="com.sprint.mission.discodeit.service.basic.BasicChannelServiceTest" time="0.013"/>
  <testcase name="PUBLIC 채널은 정상적으로 생성되어야 합니다." classname="com.sprint.mission.discodeit.service.basic.BasicChannelServiceTest" time="0.006"/>
  <testcase name="중복된 PUBLIC 채널 이름으로 생성 시 예외가 발생해야 합니다." classname="com.sprint.mission.discodeit.service.basic.BasicChannelServiceTest" time="0.005"/>
  <testcase name="존재하지 않는 채널 삭제 시 예외가 발생해야 합니다." classname="com.sprint.mission.discodeit.service.basic.BasicChannelServiceTest" time="0.007"/>
  <testcase name="존재하지 않는 사용자 ID로 채널 목록 조회 시 예외가 발생해야 합니다." classname="com.sprint.mission.discodeit.service.basic.BasicChannelServiceTest" time="0.025"/>
  <testcase name="존재하지 않는 채널 수정 시 예외가 발생해야 합니다." classname="com.sprint.mission.discodeit.service.basic.BasicChannelServiceTest" time="0.022"/>
  <testcase name="채널 정보는 정상적으로 수정되어야 합니다." classname="com.sprint.mission.discodeit.service.basic.BasicChannelServiceTest" time="0.006"/>
  <testcase name="존재하지 않는 사용자가 포함되면 PRIVATE 채널 생성 시 예외가 발생해야 합니다." classname="com.sprint.mission.discodeit.service.basic.BasicChannelServiceTest" time="0.005"/>
  <system-out><![CDATA[]]></system-out>
  <system-err><![CDATA[]]></system-err>
</testsuite>
