<?xml version="1.0" encoding="UTF-8"?>
<testsuite name="com.sprint.mission.discodeit.service.basic.BasicUserServiceTest" tests="8" skipped="0" failures="0" errors="0" timestamp="2026-05-22T07:33:55.003Z" hostname="SER" time="0.165">
  <properties/>
  <testcase name="사용자는 정상적으로 삭제되어야 합니다." classname="com.sprint.mission.discodeit.service.basic.BasicUserServiceTest" time="0.133"/>
  <testcase name="존재하지 않는 사용자 권한 수정 시 예외가 발생해야 합니다." classname="com.sprint.mission.discodeit.service.basic.BasicUserServiceTest" time="0.004"/>
  <testcase name="이미 존재하는 이메일이 들어오면 예외가 발생해야 합니다." classname="com.sprint.mission.discodeit.service.basic.BasicUserServiceTest" time="0.004"/>
  <testcase name="존재하지 않는 사용자 삭제 시 예외가 발생해야 합니다." classname="com.sprint.mission.discodeit.service.basic.BasicUserServiceTest" time="0.003"/>
  <testcase name="사용자 권한은 정상적으로 수정되어야 합니다." classname="com.sprint.mission.discodeit.service.basic.BasicUserServiceTest" time="0.005"/>
  <testcase name="존재하지 않는 사용자 수정 시 예외가 발생해야 합니다." classname="com.sprint.mission.discodeit.service.basic.BasicUserServiceTest" time="0.003"/>
  <testcase name="사용자의 정보는 정상적으로 수정되어야 합니다." classname="com.sprint.mission.discodeit.service.basic.BasicUserServiceTest" time="0.006"/>
  <testcase name="사용자는 정상적으로 등록이 되어야 합니다." classname="com.sprint.mission.discodeit.service.basic.BasicUserServiceTest" time="0.004"/>
  <system-out><![CDATA[]]></system-out>
  <system-err><![CDATA[]]></system-err>
</testsuite>
