<?xml version="1.0" encoding="UTF-8"?>
<testsuite name="com.sprint.mission.discodeit.s3.AWSS3Test" tests="3" skipped="3" failures="0" errors="0" timestamp="2026-05-22T07:33:51.839Z" hostname="SER" time="0.001">
  <properties/>
  <testcase name="download_success()" classname="com.sprint.mission.discodeit.s3.AWSS3Test" time="0.0">
    <skipped/>
  </testcase>
  <testcase name="upload_success()" classname="com.sprint.mission.discodeit.s3.AWSS3Test" time="0.0">
    <skipped/>
  </testcase>
  <testcase name="create_presigned_url_success()" classname="com.sprint.mission.discodeit.s3.AWSS3Test" time="0.0">
    <skipped/>
  </testcase>
  <system-out><![CDATA[]]></system-out>
  <system-err><![CDATA[]]></system-err>
</testsuite>
