<?xml version="1.0" encoding="UTF-8"?>
<testsuite name="com.sprint.mission.discodeit.service.basic.BasicMessageServiceTest" tests="11" skipped="0" failures="0" errors="0" timestamp="2026-05-22T07:33:54.399Z" hostname="SER" time="0.602">
  <properties/>
  <testcase name="메시지는 정상적으로 삭제되어야 합니다." classname="com.sprint.mission.discodeit.service.basic.BasicMessageServiceTest" time="0.549"/>
  <testcase name="존재하지 않는 작성자로 메시지 생성 시 예외가 발생해야 합니다." classname="com.sprint.mission.discodeit.service.basic.BasicMessageServiceTest" time="0.005"/>
  <testcase name="존재하지 않는 채널에 메시지 생성 시 예외가 발생해야 합니다." classname="com.sprint.mission.discodeit.service.basic.BasicMessageServiceTest" time="0.004"/>
  <testcase name="존재하지 않는 채널의 메시지 목록 조회 시 예외가 발생해야 합니다." classname="com.sprint.mission.discodeit.service.basic.BasicMessageServiceTest" time="0.004"/>
  <testcase name="존재하지 않는 메시지 삭제 시 예외가 발생해야 합니다." classname="com.sprint.mission.discodeit.service.basic.BasicMessageServiceTest" time="0.004"/>
  <testcase name="존재하지 않는 메시지 수정 시 예외가 발생해야 합니다." classname="com.sprint.mission.discodeit.service.basic.BasicMessageServiceTest" time="0.004"/>
  <testcase name="빈 내용으로 메시지 생성 시 예외가 발생해야 합니다." classname="com.sprint.mission.discodeit.service.basic.BasicMessageServiceTest" time="0.003"/>
  <testcase name="채널 ID로 메시지 목록을 정상적으로 조회해야 합니다." classname="com.sprint.mission.discodeit.service.basic.BasicMessageServiceTest" time="0.013"/>
  <testcase name="빈 내용으로 메시지 수정 시 예외가 발생해야 합니다." classname="com.sprint.mission.discodeit.service.basic.BasicMessageServiceTest" time="0.002"/>
  <testcase name="메시지 내용은 정상적으로 수정되어야 합니다." classname="com.sprint.mission.discodeit.service.basic.BasicMessageServiceTest" time="0.003"/>
  <testcase name="메시지는 정상적으로 생성되어야 합니다." classname="com.sprint.mission.discodeit.service.basic.BasicMessageServiceTest" time="0.004"/>
  <system-out><![CDATA[]]></system-out>
  <system-err><![CDATA[]]></system-err>
</testsuite>
